c:\users\trthomps\source\repos\floe\floe-exec\debug\vc142.pdb
c:\users\trthomps\source\repos\floe\floe-exec\debug\vc142.idb
c:\users\trthomps\source\repos\floe\floe-exec\debug\exec.obj
c:\users\trthomps\source\repos\floe\floe-exec\debug\main.obj
c:\users\trthomps\source\repos\floe\debug\floe-exec.pdb
c:\users\trthomps\source\repos\floe\floe-exec\debug\floe-exec.tlog\cl.command.1.tlog
c:\users\trthomps\source\repos\floe\floe-exec\debug\floe-exec.tlog\cl.read.1.tlog
c:\users\trthomps\source\repos\floe\floe-exec\debug\floe-exec.tlog\cl.write.1.tlog
c:\users\trthomps\source\repos\floe\floe-exec\debug\floe-exec.tlog\link-cvtres.read.1.tlog
c:\users\trthomps\source\repos\floe\floe-exec\debug\floe-exec.tlog\link-cvtres.write.1.tlog
c:\users\trthomps\source\repos\floe\floe-exec\debug\floe-exec.tlog\link-rc.read.1.tlog
c:\users\trthomps\source\repos\floe\floe-exec\debug\floe-exec.tlog\link-rc.write.1.tlog
c:\users\trthomps\source\repos\floe\floe-exec\debug\floe-exec.tlog\link.8832-cvtres.read.1.tlog
c:\users\trthomps\source\repos\floe\floe-exec\debug\floe-exec.tlog\link.8832-cvtres.write.1.tlog
c:\users\trthomps\source\repos\floe\floe-exec\debug\floe-exec.tlog\link.8832-rc.read.1.tlog
c:\users\trthomps\source\repos\floe\floe-exec\debug\floe-exec.tlog\link.8832-rc.write.1.tlog
c:\users\trthomps\source\repos\floe\floe-exec\debug\floe-exec.tlog\link.8832.read.1.tlog
c:\users\trthomps\source\repos\floe\floe-exec\debug\floe-exec.tlog\link.8832.write.1.tlog
c:\users\trthomps\source\repos\floe\floe-exec\debug\floe-exec.tlog\link.command.1.tlog
c:\users\trthomps\source\repos\floe\floe-exec\debug\floe-exec.tlog\link.read.1.tlog
c:\users\trthomps\source\repos\floe\floe-exec\debug\floe-exec.tlog\link.write.1.tlog
